[debug] [2023-05-13T12:54:35.978Z] ----------------------------------------------------------------------
[debug] [2023-05-13T12:54:35.980Z] Command:       /opt/homebrew/Cellar/node/20.1.0/bin/node /opt/homebrew/bin/firebase deploy
[debug] [2023-05-13T12:54:35.980Z] CLI Version:   12.0.0
[debug] [2023-05-13T12:54:35.980Z] Platform:      darwin
[debug] [2023-05-13T12:54:35.980Z] Node Version:  v20.1.0
[debug] [2023-05-13T12:54:35.980Z] Time:          Sat May 13 2023 14:54:35 GMT+0200 (Central European Summer Time)
[debug] [2023-05-13T12:54:35.980Z] ----------------------------------------------------------------------
[debug] 
[debug] [2023-05-13T12:54:36.016Z] > command requires scopes: ["email","openid","https://www.googleapis.com/auth/cloudplatformprojects.readonly","https://www.googleapis.com/auth/firebase","https://www.googleapis.com/auth/cloud-platform"]
[debug] [2023-05-13T12:54:36.016Z] > authorizing via signed-in user (millerjoacim@gmail.com)
[debug] [2023-05-13T12:54:36.016Z] [iam] checking project togetherfund-2fb98 for permissions ["cloudfunctions.functions.create","cloudfunctions.functions.delete","cloudfunctions.functions.get","cloudfunctions.functions.list","cloudfunctions.functions.update","cloudfunctions.operations.get","firebase.projects.get"]
[debug] [2023-05-13T12:54:36.017Z] >>> [apiv2][query] POST https://cloudresourcemanager.googleapis.com/v1/projects/togetherfund-2fb98:testIamPermissions [none]
[debug] [2023-05-13T12:54:36.017Z] >>> [apiv2][(partial)header] POST https://cloudresourcemanager.googleapis.com/v1/projects/togetherfund-2fb98:testIamPermissions x-goog-quota-user=projects/togetherfund-2fb98
[debug] [2023-05-13T12:54:36.017Z] >>> [apiv2][body] POST https://cloudresourcemanager.googleapis.com/v1/projects/togetherfund-2fb98:testIamPermissions {"permissions":["cloudfunctions.functions.create","cloudfunctions.functions.delete","cloudfunctions.functions.get","cloudfunctions.functions.list","cloudfunctions.functions.update","cloudfunctions.operations.get","firebase.projects.get"]}
[debug] [2023-05-13T12:54:36.748Z] <<< [apiv2][status] POST https://cloudresourcemanager.googleapis.com/v1/projects/togetherfund-2fb98:testIamPermissions 200
[debug] [2023-05-13T12:54:36.749Z] <<< [apiv2][body] POST https://cloudresourcemanager.googleapis.com/v1/projects/togetherfund-2fb98:testIamPermissions {"permissions":["cloudfunctions.functions.create","cloudfunctions.functions.delete","cloudfunctions.functions.get","cloudfunctions.functions.list","cloudfunctions.functions.update","cloudfunctions.operations.get","firebase.projects.get"]}
[debug] [2023-05-13T12:54:36.749Z] >>> [apiv2][query] POST https://iam.googleapis.com/v1/projects/togetherfund-2fb98/serviceAccounts/togetherfund-2fb98@appspot.gserviceaccount.com:testIamPermissions [none]
[debug] [2023-05-13T12:54:36.750Z] >>> [apiv2][body] POST https://iam.googleapis.com/v1/projects/togetherfund-2fb98/serviceAccounts/togetherfund-2fb98@appspot.gserviceaccount.com:testIamPermissions {"permissions":["iam.serviceAccounts.actAs"]}
[debug] [2023-05-13T12:54:37.477Z] <<< [apiv2][status] POST https://iam.googleapis.com/v1/projects/togetherfund-2fb98/serviceAccounts/togetherfund-2fb98@appspot.gserviceaccount.com:testIamPermissions 200
[debug] [2023-05-13T12:54:37.478Z] <<< [apiv2][body] POST https://iam.googleapis.com/v1/projects/togetherfund-2fb98/serviceAccounts/togetherfund-2fb98@appspot.gserviceaccount.com:testIamPermissions {"permissions":["iam.serviceAccounts.actAs"]}
[info] 
[info] === Deploying to 'togetherfund-2fb98'...
[info] 
[info] i  deploying functions 
[debug] [2023-05-13T12:54:37.482Z] >>> [apiv2][query] GET https://firebase.googleapis.com/v1beta1/projects/togetherfund-2fb98 [none]
[debug] [2023-05-13T12:54:37.771Z] <<< [apiv2][status] GET https://firebase.googleapis.com/v1beta1/projects/togetherfund-2fb98 200
[debug] [2023-05-13T12:54:37.772Z] <<< [apiv2][body] GET https://firebase.googleapis.com/v1beta1/projects/togetherfund-2fb98 {"projectId":"togetherfund-2fb98","projectNumber":"974166966631","displayName":"TogetherFund","name":"projects/togetherfund-2fb98","resources":{"hostingSite":"togetherfund-2fb98"},"state":"ACTIVE","etag":"1_a940eab0-e734-4a36-9339-d15dfd50aa04"}
[info] i  functions: preparing codebase default for deployment 
[info] i  functions: ensuring required API cloudfunctions.googleapis.com is enabled... 
[info] i  functions: ensuring required API cloudbuild.googleapis.com is enabled... 
[info] i  artifactregistry: ensuring required API artifactregistry.googleapis.com is enabled... 
[debug] [2023-05-13T12:54:37.774Z] >>> [apiv2][query] GET https://serviceusage.googleapis.com/v1/projects/togetherfund-2fb98/services/cloudfunctions.googleapis.com [none]
[debug] [2023-05-13T12:54:37.774Z] >>> [apiv2][(partial)header] GET https://serviceusage.googleapis.com/v1/projects/togetherfund-2fb98/services/cloudfunctions.googleapis.com x-goog-quota-user=projects/togetherfund-2fb98
[debug] [2023-05-13T12:54:37.776Z] >>> [apiv2][query] GET https://serviceusage.googleapis.com/v1/projects/togetherfund-2fb98/services/runtimeconfig.googleapis.com [none]
[debug] [2023-05-13T12:54:37.776Z] >>> [apiv2][(partial)header] GET https://serviceusage.googleapis.com/v1/projects/togetherfund-2fb98/services/runtimeconfig.googleapis.com x-goog-quota-user=projects/togetherfund-2fb98
[debug] [2023-05-13T12:54:37.777Z] >>> [apiv2][query] GET https://serviceusage.googleapis.com/v1/projects/togetherfund-2fb98/services/cloudbuild.googleapis.com [none]
[debug] [2023-05-13T12:54:37.777Z] >>> [apiv2][(partial)header] GET https://serviceusage.googleapis.com/v1/projects/togetherfund-2fb98/services/cloudbuild.googleapis.com x-goog-quota-user=projects/togetherfund-2fb98
[debug] [2023-05-13T12:54:37.778Z] >>> [apiv2][query] GET https://serviceusage.googleapis.com/v1/projects/togetherfund-2fb98/services/artifactregistry.googleapis.com [none]
[debug] [2023-05-13T12:54:37.778Z] >>> [apiv2][(partial)header] GET https://serviceusage.googleapis.com/v1/projects/togetherfund-2fb98/services/artifactregistry.googleapis.com x-goog-quota-user=projects/togetherfund-2fb98
[debug] [2023-05-13T12:54:38.667Z] <<< [apiv2][status] GET https://serviceusage.googleapis.com/v1/projects/togetherfund-2fb98/services/cloudfunctions.googleapis.com 200
[debug] [2023-05-13T12:54:38.667Z] <<< [apiv2][body] GET https://serviceusage.googleapis.com/v1/projects/togetherfund-2fb98/services/cloudfunctions.googleapis.com [omitted]
[info] ✔  functions: required API cloudfunctions.googleapis.com is enabled 
[debug] [2023-05-13T12:54:38.676Z] <<< [apiv2][status] GET https://serviceusage.googleapis.com/v1/projects/togetherfund-2fb98/services/runtimeconfig.googleapis.com 200
[debug] [2023-05-13T12:54:38.676Z] <<< [apiv2][body] GET https://serviceusage.googleapis.com/v1/projects/togetherfund-2fb98/services/runtimeconfig.googleapis.com [omitted]
[debug] [2023-05-13T12:54:38.715Z] <<< [apiv2][status] GET https://serviceusage.googleapis.com/v1/projects/togetherfund-2fb98/services/cloudbuild.googleapis.com 200
[debug] [2023-05-13T12:54:38.715Z] <<< [apiv2][body] GET https://serviceusage.googleapis.com/v1/projects/togetherfund-2fb98/services/cloudbuild.googleapis.com [omitted]
[info] ✔  functions: required API cloudbuild.googleapis.com is enabled 
[debug] [2023-05-13T12:54:38.716Z] <<< [apiv2][status] GET https://serviceusage.googleapis.com/v1/projects/togetherfund-2fb98/services/artifactregistry.googleapis.com 200
[debug] [2023-05-13T12:54:38.716Z] <<< [apiv2][body] GET https://serviceusage.googleapis.com/v1/projects/togetherfund-2fb98/services/artifactregistry.googleapis.com [omitted]
[info] ✔  artifactregistry: required API artifactregistry.googleapis.com is enabled 
[debug] [2023-05-13T12:54:38.716Z] >>> [apiv2][query] GET https://firebase.googleapis.com/v1beta1/projects/togetherfund-2fb98/adminSdkConfig [none]
[debug] [2023-05-13T12:54:38.898Z] <<< [apiv2][status] GET https://firebase.googleapis.com/v1beta1/projects/togetherfund-2fb98/adminSdkConfig 200
[debug] [2023-05-13T12:54:38.898Z] <<< [apiv2][body] GET https://firebase.googleapis.com/v1beta1/projects/togetherfund-2fb98/adminSdkConfig {"projectId":"togetherfund-2fb98","storageBucket":"togetherfund-2fb98.appspot.com"}
[debug] [2023-05-13T12:54:38.899Z] >>> [apiv2][query] GET https://runtimeconfig.googleapis.com/v1beta1/projects/togetherfund-2fb98/configs [none]
[debug] [2023-05-13T12:54:39.175Z] <<< [apiv2][status] GET https://runtimeconfig.googleapis.com/v1beta1/projects/togetherfund-2fb98/configs 200
[debug] [2023-05-13T12:54:39.176Z] <<< [apiv2][body] GET https://runtimeconfig.googleapis.com/v1beta1/projects/togetherfund-2fb98/configs {}
[debug] [2023-05-13T12:54:39.178Z] Validating nodejs source
[debug] [2023-05-13T12:54:39.557Z] > [functions] package.json contents: {
  "name": "functions",
  "description": "Cloud Functions for Firebase",
  "scripts": {
    "lint": "eslint .",
    "serve": "firebase emulators:start --only functions",
    "shell": "firebase functions:shell",
    "start": "npm run shell",
    "deploy": "firebase deploy --only functions",
    "logs": "firebase functions:log"
  },
  "engines": {
    "node": "18"
  },
  "main": "index.js",
  "dependencies": {
    "firebase-admin": "^11.8.0",
    "firebase-functions": "^4.3.1"
  },
  "devDependencies": {
    "eslint": "^8.15.0",
    "eslint-config-google": "^0.14.0",
    "firebase-functions-test": "^3.1.0"
  },
  "private": true
}
[debug] [2023-05-13T12:54:39.557Z] Building nodejs source
[debug] [2023-05-13T12:54:39.558Z] Could not find functions.yaml. Must use http discovery
[debug] [2023-05-13T12:54:39.562Z] Found firebase-functions binary at '/Users/joacimmiller/Coding/summit/togetherfund/functions/node_modules/.bin/firebase-functions'
[debug] [2023-05-13T12:54:39.653Z] Serving at port 8752

[debug] [2023-05-13T12:54:39.737Z] Got response from /__/functions.yaml {"endpoints":{"sendDonationRequest":{"availableMemoryMb":null,"timeoutSeconds":null,"minInstances":null,"maxInstances":null,"ingressSettings":null,"concurrency":null,"serviceAccountEmail":null,"vpc":null,"platform":"gcfv2","labels":{},"httpsTrigger":{},"entryPoint":"sendDonationRequest"}},"specVersion":"v1alpha1","requiredAPIs":[]}
[debug] [2023-05-13T12:54:39.740Z] shutdown requested via /__/quitquitquit

[info] i  functions: preparing functions directory for uploading... 
[info] i  functions: packaged /Users/joacimmiller/Coding/summit/togetherfund/functions (140.06 KB) for uploading 
[debug] [2023-05-13T12:54:39.761Z] >>> [apiv2][query] GET https://cloudfunctions.googleapis.com/v1/projects/togetherfund-2fb98/locations/-/functions [none]
[debug] [2023-05-13T12:54:40.330Z] <<< [apiv2][status] GET https://cloudfunctions.googleapis.com/v1/projects/togetherfund-2fb98/locations/-/functions 200
[debug] [2023-05-13T12:54:40.330Z] <<< [apiv2][body] GET https://cloudfunctions.googleapis.com/v1/projects/togetherfund-2fb98/locations/-/functions {}
[debug] [2023-05-13T12:54:40.332Z] >>> [apiv2][query] GET https://cloudfunctions.googleapis.com/v2/projects/togetherfund-2fb98/locations/-/functions filter=environment%3D%22GEN_2%22
[debug] [2023-05-13T12:54:41.308Z] <<< [apiv2][status] GET https://cloudfunctions.googleapis.com/v2/projects/togetherfund-2fb98/locations/-/functions 200
[debug] [2023-05-13T12:54:41.308Z] <<< [apiv2][body] GET https://cloudfunctions.googleapis.com/v2/projects/togetherfund-2fb98/locations/-/functions {"functions":[{"name":"projects/togetherfund-2fb98/locations/us-central1/functions/sendDonationRequest","buildConfig":{"build":"projects/974166966631/locations/us-central1/builds/c2ff03a6-df97-4754-af54-0863ca0c4b21","runtime":"nodejs18","entryPoint":"sendDonationRequest","source":{"storageSource":{"bucket":"gcf-v2-sources-974166966631-us-central1","object":"sendDonationRequest/function-source.zip"}},"environmentVariables":{"GOOGLE_NODE_RUN_SCRIPTS":""},"sourceProvenance":{"resolvedStorageSource":{"bucket":"gcf-v2-sources-974166966631-us-central1","object":"sendDonationRequest/function-source.zip","generation":"1683982048129449"}}},"serviceConfig":{"service":"projects/togetherfund-2fb98/locations/us-central1/services/senddonationrequest","timeoutSeconds":60,"environmentVariables":{"FIREBASE_CONFIG":"{\"projectId\":\"togetherfund-2fb98\",\"storageBucket\":\"togetherfund-2fb98.appspot.com\"}","GCLOUD_PROJECT":"togetherfund-2fb98","EVENTARC_CLOUD_EVENT_SOURCE":"projects/togetherfund-2fb98/locations/us-central1/services/sendDonationRequest"},"maxInstanceCount":100,"ingressSettings":"ALLOW_ALL","uri":"https://senddonationrequest-ppr6treo3a-uc.a.run.app","serviceAccountEmail":"974166966631-compute@developer.gserviceaccount.com","availableMemory":"256Mi","allTrafficOnLatestRevision":true,"revision":"senddonationrequest-00002-ziz","maxInstanceRequestConcurrency":80,"availableCpu":"1"},"state":"ACTIVE","updateTime":"2023-05-13T12:48:23.484487242Z","labels":{"deployment-tool":"cli-firebase","firebase-functions-hash":"e6553e80bb3329aa51965b1fe97c7cefe8cfaca7"},"environment":"GEN_2"}]}
[info] i  functions: ensuring required API run.googleapis.com is enabled... 
[info] i  functions: ensuring required API eventarc.googleapis.com is enabled... 
[info] i  functions: ensuring required API pubsub.googleapis.com is enabled... 
[info] i  functions: ensuring required API storage.googleapis.com is enabled... 
[debug] [2023-05-13T12:54:41.315Z] >>> [apiv2][query] GET https://serviceusage.googleapis.com/v1/projects/togetherfund-2fb98/services/run.googleapis.com [none]
[debug] [2023-05-13T12:54:41.315Z] >>> [apiv2][(partial)header] GET https://serviceusage.googleapis.com/v1/projects/togetherfund-2fb98/services/run.googleapis.com x-goog-quota-user=projects/togetherfund-2fb98
[debug] [2023-05-13T12:54:41.315Z] >>> [apiv2][query] GET https://serviceusage.googleapis.com/v1/projects/togetherfund-2fb98/services/eventarc.googleapis.com [none]
[debug] [2023-05-13T12:54:41.315Z] >>> [apiv2][(partial)header] GET https://serviceusage.googleapis.com/v1/projects/togetherfund-2fb98/services/eventarc.googleapis.com x-goog-quota-user=projects/togetherfund-2fb98
[debug] [2023-05-13T12:54:41.315Z] >>> [apiv2][query] GET https://serviceusage.googleapis.com/v1/projects/togetherfund-2fb98/services/pubsub.googleapis.com [none]
[debug] [2023-05-13T12:54:41.316Z] >>> [apiv2][(partial)header] GET https://serviceusage.googleapis.com/v1/projects/togetherfund-2fb98/services/pubsub.googleapis.com x-goog-quota-user=projects/togetherfund-2fb98
[debug] [2023-05-13T12:54:41.316Z] >>> [apiv2][query] GET https://serviceusage.googleapis.com/v1/projects/togetherfund-2fb98/services/storage.googleapis.com [none]
[debug] [2023-05-13T12:54:41.316Z] >>> [apiv2][(partial)header] GET https://serviceusage.googleapis.com/v1/projects/togetherfund-2fb98/services/storage.googleapis.com x-goog-quota-user=projects/togetherfund-2fb98
[debug] [2023-05-13T12:54:42.143Z] <<< [apiv2][status] GET https://serviceusage.googleapis.com/v1/projects/togetherfund-2fb98/services/pubsub.googleapis.com 200
[debug] [2023-05-13T12:54:42.143Z] <<< [apiv2][body] GET https://serviceusage.googleapis.com/v1/projects/togetherfund-2fb98/services/pubsub.googleapis.com [omitted]
[info] ✔  functions: required API pubsub.googleapis.com is enabled 
[debug] [2023-05-13T12:54:42.145Z] <<< [apiv2][status] GET https://serviceusage.googleapis.com/v1/projects/togetherfund-2fb98/services/run.googleapis.com 200
[debug] [2023-05-13T12:54:42.145Z] <<< [apiv2][body] GET https://serviceusage.googleapis.com/v1/projects/togetherfund-2fb98/services/run.googleapis.com [omitted]
[info] ✔  functions: required API run.googleapis.com is enabled 
[debug] [2023-05-13T12:54:42.145Z] <<< [apiv2][status] GET https://serviceusage.googleapis.com/v1/projects/togetherfund-2fb98/services/eventarc.googleapis.com 200
[debug] [2023-05-13T12:54:42.145Z] <<< [apiv2][body] GET https://serviceusage.googleapis.com/v1/projects/togetherfund-2fb98/services/eventarc.googleapis.com [omitted]
[info] ✔  functions: required API eventarc.googleapis.com is enabled 
[debug] [2023-05-13T12:54:42.147Z] <<< [apiv2][status] GET https://serviceusage.googleapis.com/v1/projects/togetherfund-2fb98/services/storage.googleapis.com 200
[debug] [2023-05-13T12:54:42.147Z] <<< [apiv2][body] GET https://serviceusage.googleapis.com/v1/projects/togetherfund-2fb98/services/storage.googleapis.com [omitted]
[info] ✔  functions: required API storage.googleapis.com is enabled 
[info] i  functions: generating the service identity for pubsub.googleapis.com... 
[info] i  functions: generating the service identity for eventarc.googleapis.com... 
[debug] [2023-05-13T12:54:42.148Z] >>> [apiv2][query] POST https://serviceusage.googleapis.com/v1beta1/projects/974166966631/services/pubsub.googleapis.com:generateServiceIdentity [none]
[debug] [2023-05-13T12:54:42.148Z] >>> [apiv2][query] POST https://serviceusage.googleapis.com/v1beta1/projects/974166966631/services/eventarc.googleapis.com:generateServiceIdentity [none]
[debug] [2023-05-13T12:54:42.705Z] <<< [apiv2][status] POST https://serviceusage.googleapis.com/v1beta1/projects/974166966631/services/eventarc.googleapis.com:generateServiceIdentity 200
[debug] [2023-05-13T12:54:42.705Z] <<< [apiv2][body] POST https://serviceusage.googleapis.com/v1beta1/projects/974166966631/services/eventarc.googleapis.com:generateServiceIdentity {"name":"operations/finished.DONE_OPERATION","done":true,"response":{"@type":"type.googleapis.com/google.api.serviceusage.v1beta1.ServiceIdentity","email":"service-974166966631@gcp-sa-eventarc.iam.gserviceaccount.com","uniqueId":"101241717430971918142"}}
[debug] [2023-05-13T12:54:43.163Z] <<< [apiv2][status] POST https://serviceusage.googleapis.com/v1beta1/projects/974166966631/services/pubsub.googleapis.com:generateServiceIdentity 200
[debug] [2023-05-13T12:54:43.163Z] <<< [apiv2][body] POST https://serviceusage.googleapis.com/v1beta1/projects/974166966631/services/pubsub.googleapis.com:generateServiceIdentity {"name":"operations/finished.DONE_OPERATION","done":true,"response":{"@type":"type.googleapis.com/google.api.serviceusage.v1beta1.ServiceIdentity","email":"service-974166966631@gcp-sa-pubsub.iam.gserviceaccount.com","uniqueId":"108956294566900857830"}}
[debug] [2023-05-13T12:54:43.166Z] >>> [apiv2][query] GET https://firebase.googleapis.com/v1beta1/projects/togetherfund-2fb98 [none]
[debug] [2023-05-13T12:54:43.350Z] <<< [apiv2][status] GET https://firebase.googleapis.com/v1beta1/projects/togetherfund-2fb98 200
[debug] [2023-05-13T12:54:43.350Z] <<< [apiv2][body] GET https://firebase.googleapis.com/v1beta1/projects/togetherfund-2fb98 {"projectId":"togetherfund-2fb98","projectNumber":"974166966631","displayName":"TogetherFund","name":"projects/togetherfund-2fb98","resources":{"hostingSite":"togetherfund-2fb98"},"state":"ACTIVE","etag":"1_a940eab0-e734-4a36-9339-d15dfd50aa04"}
[debug] [2023-05-13T12:54:43.352Z] >>> [apiv2][query] POST https://cloudfunctions.googleapis.com/v2/projects/togetherfund-2fb98/locations/us-central1/functions:generateUploadUrl [none]
[debug] [2023-05-13T12:54:44.180Z] <<< [apiv2][status] POST https://cloudfunctions.googleapis.com/v2/projects/togetherfund-2fb98/locations/us-central1/functions:generateUploadUrl 200
[debug] [2023-05-13T12:54:44.181Z] <<< [apiv2][body] POST https://cloudfunctions.googleapis.com/v2/projects/togetherfund-2fb98/locations/us-central1/functions:generateUploadUrl {"uploadUrl":"https://storage.googleapis.com/gcf-v2-uploads-974166966631-us-central1/72d6d4e7-49d9-49c0-a5e6-c08e321aa84e.zip?GoogleAccessId=service-974166966631@gcf-admin-robot.iam.gserviceaccount.com&Expires=1683984284&Signature=cY3Q0lVa3kfwUkE1Up398UwaQykTNZkjG9bmWZGUzOFHPGZpkyP49Pk3OWptV6mL7d8p%2BX%2BDI4ORaUG5voIpysCoJw9Mk44znHP4WdUm8XSLceKmDOXYtS6y6OkGPsW2bs0IDCGJzcCFcmAiUks0eX4uUylsBAtZREzLMSVvBCAB5niwmash9xEeuQkvlUYTeCTr6tujvIdamIFWI5j9QbMNxALn3phuqFbYeC9ifv6z3rLHfS7EBfJOFoVq%2FzxbdDK807aq%2FKTZzCXvokh%2Fn3VQDAWhi%2F8vibU0HkN8yaiI1vby5d4hmKaqNzHVE54rDpJGeEtd%2FR6aaYDfTDHDuQ%3D%3D","storageSource":{"bucket":"gcf-v2-uploads-974166966631-us-central1","object":"72d6d4e7-49d9-49c0-a5e6-c08e321aa84e.zip"}}
[debug] [2023-05-13T12:54:44.181Z] >>> [apiv2][query] PUT https://storage.googleapis.com/gcf-v2-uploads-974166966631-us-central1/72d6d4e7-49d9-49c0-a5e6-c08e321aa84e.zip GoogleAccessId=service-974166966631%40gcf-admin-robot.iam.gserviceaccount.com&Expires=1683984284&Signature=cY3Q0lVa3kfwUkE1Up398UwaQykTNZkjG9bmWZGUzOFHPGZpkyP49Pk3OWptV6mL7d8p%2BX%2BDI4ORaUG5voIpysCoJw9Mk44znHP4WdUm8XSLceKmDOXYtS6y6OkGPsW2bs0IDCGJzcCFcmAiUks0eX4uUylsBAtZREzLMSVvBCAB5niwmash9xEeuQkvlUYTeCTr6tujvIdamIFWI5j9QbMNxALn3phuqFbYeC9ifv6z3rLHfS7EBfJOFoVq%2FzxbdDK807aq%2FKTZzCXvokh%2Fn3VQDAWhi%2F8vibU0HkN8yaiI1vby5d4hmKaqNzHVE54rDpJGeEtd%2FR6aaYDfTDHDuQ%3D%3D
[debug] [2023-05-13T12:54:44.182Z] >>> [apiv2][body] PUT https://storage.googleapis.com/gcf-v2-uploads-974166966631-us-central1/72d6d4e7-49d9-49c0-a5e6-c08e321aa84e.zip [stream]
[debug] [2023-05-13T12:54:45.400Z] <<< [apiv2][status] PUT https://storage.googleapis.com/gcf-v2-uploads-974166966631-us-central1/72d6d4e7-49d9-49c0-a5e6-c08e321aa84e.zip 200
[debug] [2023-05-13T12:54:45.401Z] <<< [apiv2][body] PUT https://storage.googleapis.com/gcf-v2-uploads-974166966631-us-central1/72d6d4e7-49d9-49c0-a5e6-c08e321aa84e.zip [omitted]
[info] ✔  functions: functions folder uploaded successfully 
[info] i  functions: updating Node.js 18 function sendDonationRequest(us-central1)... 
[debug] [2023-05-13T12:54:45.407Z] >>> [apiv2][query] PATCH https://cloudfunctions.googleapis.com/v2/projects/togetherfund-2fb98/locations/us-central1/functions/sendDonationRequest updateMask=name%2CbuildConfig.runtime%2CbuildConfig.entryPoint%2CbuildConfig.source.storageSource.bucket%2CbuildConfig.source.storageSource.object%2CbuildConfig.environmentVariables%2CserviceConfig.environmentVariables%2CserviceConfig.ingressSettings%2CserviceConfig.timeoutSeconds%2CserviceConfig.serviceAccountEmail%2CserviceConfig.availableMemory%2CserviceConfig.minInstanceCount%2CserviceConfig.maxInstanceCount%2CserviceConfig.maxInstanceRequestConcurrency%2CserviceConfig.availableCpu%2CserviceConfig.vpcConnector%2CserviceConfig.vpcConnectorEgressSettings%2Clabels%2CbuildConfig.buildEnvironmentVariables
[debug] [2023-05-13T12:54:45.407Z] >>> [apiv2][body] PATCH https://cloudfunctions.googleapis.com/v2/projects/togetherfund-2fb98/locations/us-central1/functions/sendDonationRequest {"name":"projects/togetherfund-2fb98/locations/us-central1/functions/sendDonationRequest","buildConfig":{"runtime":"nodejs18","entryPoint":"sendDonationRequest","source":{"storageSource":{"bucket":"gcf-v2-uploads-974166966631-us-central1","object":"72d6d4e7-49d9-49c0-a5e6-c08e321aa84e.zip"}},"environmentVariables":{"GOOGLE_NODE_RUN_SCRIPTS":""}},"serviceConfig":{"environmentVariables":{"FIREBASE_CONFIG":"{\"projectId\":\"togetherfund-2fb98\",\"storageBucket\":\"togetherfund-2fb98.appspot.com\"}","GCLOUD_PROJECT":"togetherfund-2fb98","EVENTARC_CLOUD_EVENT_SOURCE":"projects/togetherfund-2fb98/locations/us-central1/services/sendDonationRequest"},"ingressSettings":null,"timeoutSeconds":null,"serviceAccountEmail":null,"availableMemory":"256Mi","minInstanceCount":null,"maxInstanceCount":null,"maxInstanceRequestConcurrency":80,"availableCpu":"1","vpcConnector":null,"vpcConnectorEgressSettings":null},"labels":{"deployment-tool":"cli-firebase","firebase-functions-hash":"883a931f88cdd00c2e332cbd40827d0417c3f017"}}
[debug] [2023-05-13T12:54:46.793Z] <<< [apiv2][status] PATCH https://cloudfunctions.googleapis.com/v2/projects/togetherfund-2fb98/locations/us-central1/functions/sendDonationRequest 200
[debug] [2023-05-13T12:54:46.793Z] <<< [apiv2][body] PATCH https://cloudfunctions.googleapis.com/v2/projects/togetherfund-2fb98/locations/us-central1/functions/sendDonationRequest {"name":"projects/togetherfund-2fb98/locations/us-central1/operations/operation-1683982486059-5fb92b9e3baeb-b6262f19-34c8df95","metadata":{"@type":"type.googleapis.com/google.cloud.functions.v2.OperationMetadata","createTime":"2023-05-13T12:54:46.715215721Z","target":"projects/togetherfund-2fb98/locations/us-central1/functions/sendDonationRequest","verb":"update","cancelRequested":false,"apiVersion":"v2"},"done":false}
[debug] [2023-05-13T12:54:46.794Z] >>> [apiv2][query] GET https://cloudfunctions.googleapis.com/v2/projects/togetherfund-2fb98/locations/us-central1/operations/operation-1683982486059-5fb92b9e3baeb-b6262f19-34c8df95 [none]
[debug] [2023-05-13T12:54:47.527Z] <<< [apiv2][status] GET https://cloudfunctions.googleapis.com/v2/projects/togetherfund-2fb98/locations/us-central1/operations/operation-1683982486059-5fb92b9e3baeb-b6262f19-34c8df95 200
[debug] [2023-05-13T12:54:47.528Z] <<< [apiv2][body] GET https://cloudfunctions.googleapis.com/v2/projects/togetherfund-2fb98/locations/us-central1/operations/operation-1683982486059-5fb92b9e3baeb-b6262f19-34c8df95 {"name":"projects/togetherfund-2fb98/locations/us-central1/operations/operation-1683982486059-5fb92b9e3baeb-b6262f19-34c8df95","metadata":{"@type":"type.googleapis.com/google.cloud.functions.v2.OperationMetadata","createTime":"2023-05-13T12:54:46.715215721Z","target":"projects/togetherfund-2fb98/locations/us-central1/functions/sendDonationRequest","verb":"update","cancelRequested":false,"apiVersion":"v2","requestResource":{"@type":"type.googleapis.com/google.cloud.functions.v2.Function","name":"projects/togetherfund-2fb98/locations/us-central1/functions/sendDonationRequest","buildConfig":{"runtime":"nodejs18","entryPoint":"sendDonationRequest","source":{"storageSource":{"bucket":"gcf-v2-sources-974166966631-us-central1","object":"sendDonationRequest/function-source.zip"}},"environmentVariables":{"GOOGLE_NODE_RUN_SCRIPTS":""},"sourceProvenance":{"resolvedStorageSource":{"bucket":"gcf-v2-sources-974166966631-us-central1","object":"sendDonationRequest/function-source.zip","generation":"1683982048129449"}}},"serviceConfig":{"service":"projects/togetherfund-2fb98/locations/us-central1/services/senddonationrequest","timeoutSeconds":60,"environmentVariables":{"FIREBASE_CONFIG":"{\"projectId\":\"togetherfund-2fb98\",\"storageBucket\":\"togetherfund-2fb98.appspot.com\"}","GCLOUD_PROJECT":"togetherfund-2fb98","EVENTARC_CLOUD_EVENT_SOURCE":"projects/togetherfund-2fb98/locations/us-central1/services/sendDonationRequest"},"maxInstanceCount":100,"ingressSettings":"ALLOW_ALL","uri":"https://senddonationrequest-ppr6treo3a-uc.a.run.app","serviceAccountEmail":"974166966631-compute@developer.gserviceaccount.com","availableMemory":"256Mi","allTrafficOnLatestRevision":true,"revision":"senddonationrequest-00002-ziz","maxInstanceRequestConcurrency":80,"availableCpu":"1"},"state":"ACTIVE","labels":{"firebase-functions-hash":"883a931f88cdd00c2e332cbd40827d0417c3f017"},"environment":"GEN_2"},"stages":[{"name":"BUILD","state":"NOT_STARTED"},{"name":"SERVICE","state":"NOT_STARTED"}]},"done":false}
[debug] [2023-05-13T12:54:48.029Z] [update-default-us-central1-sendDonationRequest] Retrying task index 0
[debug] [2023-05-13T12:54:48.030Z] >>> [apiv2][query] GET https://cloudfunctions.googleapis.com/v2/projects/togetherfund-2fb98/locations/us-central1/operations/operation-1683982486059-5fb92b9e3baeb-b6262f19-34c8df95 [none]
[debug] [2023-05-13T12:54:48.721Z] <<< [apiv2][status] GET https://cloudfunctions.googleapis.com/v2/projects/togetherfund-2fb98/locations/us-central1/operations/operation-1683982486059-5fb92b9e3baeb-b6262f19-34c8df95 200
[debug] [2023-05-13T12:54:48.722Z] <<< [apiv2][body] GET https://cloudfunctions.googleapis.com/v2/projects/togetherfund-2fb98/locations/us-central1/operations/operation-1683982486059-5fb92b9e3baeb-b6262f19-34c8df95 {"name":"projects/togetherfund-2fb98/locations/us-central1/operations/operation-1683982486059-5fb92b9e3baeb-b6262f19-34c8df95","metadata":{"@type":"type.googleapis.com/google.cloud.functions.v2.OperationMetadata","createTime":"2023-05-13T12:54:46.715215721Z","target":"projects/togetherfund-2fb98/locations/us-central1/functions/sendDonationRequest","verb":"update","cancelRequested":false,"apiVersion":"v2","requestResource":{"@type":"type.googleapis.com/google.cloud.functions.v2.Function","name":"projects/togetherfund-2fb98/locations/us-central1/functions/sendDonationRequest","buildConfig":{"runtime":"nodejs18","entryPoint":"sendDonationRequest","source":{"storageSource":{"bucket":"gcf-v2-sources-974166966631-us-central1","object":"sendDonationRequest/function-source.zip"}},"environmentVariables":{"GOOGLE_NODE_RUN_SCRIPTS":""},"sourceProvenance":{"resolvedStorageSource":{"bucket":"gcf-v2-sources-974166966631-us-central1","object":"sendDonationRequest/function-source.zip","generation":"1683982048129449"}}},"serviceConfig":{"service":"projects/togetherfund-2fb98/locations/us-central1/services/senddonationrequest","timeoutSeconds":60,"environmentVariables":{"FIREBASE_CONFIG":"{\"projectId\":\"togetherfund-2fb98\",\"storageBucket\":\"togetherfund-2fb98.appspot.com\"}","GCLOUD_PROJECT":"togetherfund-2fb98","EVENTARC_CLOUD_EVENT_SOURCE":"projects/togetherfund-2fb98/locations/us-central1/services/sendDonationRequest"},"maxInstanceCount":100,"ingressSettings":"ALLOW_ALL","uri":"https://senddonationrequest-ppr6treo3a-uc.a.run.app","serviceAccountEmail":"974166966631-compute@developer.gserviceaccount.com","availableMemory":"256Mi","allTrafficOnLatestRevision":true,"revision":"senddonationrequest-00002-ziz","maxInstanceRequestConcurrency":80,"availableCpu":"1"},"state":"ACTIVE","labels":{"firebase-functions-hash":"883a931f88cdd00c2e332cbd40827d0417c3f017"},"environment":"GEN_2"},"stages":[{"name":"BUILD","message":"Creating build","state":"IN_PROGRESS","resource":"projects/974166966631/locations/us-central1/builds/3921b5c8-2af9-44d3-844c-86c64ed88195","resourceUri":"https://console.cloud.google.com/cloud-build/builds;region=us-central1/3921b5c8-2af9-44d3-844c-86c64ed88195?project=974166966631"},{"name":"SERVICE","state":"NOT_STARTED"}]},"done":false}
[debug] [2023-05-13T12:54:49.723Z] [update-default-us-central1-sendDonationRequest] Retrying task index 0
[debug] [2023-05-13T12:54:49.723Z] >>> [apiv2][query] GET https://cloudfunctions.googleapis.com/v2/projects/togetherfund-2fb98/locations/us-central1/operations/operation-1683982486059-5fb92b9e3baeb-b6262f19-34c8df95 [none]
[debug] [2023-05-13T12:54:50.431Z] <<< [apiv2][status] GET https://cloudfunctions.googleapis.com/v2/projects/togetherfund-2fb98/locations/us-central1/operations/operation-1683982486059-5fb92b9e3baeb-b6262f19-34c8df95 200
[debug] [2023-05-13T12:54:50.432Z] <<< [apiv2][body] GET https://cloudfunctions.googleapis.com/v2/projects/togetherfund-2fb98/locations/us-central1/operations/operation-1683982486059-5fb92b9e3baeb-b6262f19-34c8df95 {"name":"projects/togetherfund-2fb98/locations/us-central1/operations/operation-1683982486059-5fb92b9e3baeb-b6262f19-34c8df95","metadata":{"@type":"type.googleapis.com/google.cloud.functions.v2.OperationMetadata","createTime":"2023-05-13T12:54:46.715215721Z","target":"projects/togetherfund-2fb98/locations/us-central1/functions/sendDonationRequest","verb":"update","cancelRequested":false,"apiVersion":"v2","requestResource":{"@type":"type.googleapis.com/google.cloud.functions.v2.Function","name":"projects/togetherfund-2fb98/locations/us-central1/functions/sendDonationRequest","buildConfig":{"runtime":"nodejs18","entryPoint":"sendDonationRequest","source":{"storageSource":{"bucket":"gcf-v2-sources-974166966631-us-central1","object":"sendDonationRequest/function-source.zip"}},"environmentVariables":{"GOOGLE_NODE_RUN_SCRIPTS":""},"sourceProvenance":{"resolvedStorageSource":{"bucket":"gcf-v2-sources-974166966631-us-central1","object":"sendDonationRequest/function-source.zip","generation":"1683982048129449"}}},"serviceConfig":{"service":"projects/togetherfund-2fb98/locations/us-central1/services/senddonationrequest","timeoutSeconds":60,"environmentVariables":{"FIREBASE_CONFIG":"{\"projectId\":\"togetherfund-2fb98\",\"storageBucket\":\"togetherfund-2fb98.appspot.com\"}","GCLOUD_PROJECT":"togetherfund-2fb98","EVENTARC_CLOUD_EVENT_SOURCE":"projects/togetherfund-2fb98/locations/us-central1/services/sendDonationRequest"},"maxInstanceCount":100,"ingressSettings":"ALLOW_ALL","uri":"https://senddonationrequest-ppr6treo3a-uc.a.run.app","serviceAccountEmail":"974166966631-compute@developer.gserviceaccount.com","availableMemory":"256Mi","allTrafficOnLatestRevision":true,"revision":"senddonationrequest-00002-ziz","maxInstanceRequestConcurrency":80,"availableCpu":"1"},"state":"ACTIVE","labels":{"firebase-functions-hash":"883a931f88cdd00c2e332cbd40827d0417c3f017"},"environment":"GEN_2"},"stages":[{"name":"BUILD","message":"Creating build","state":"IN_PROGRESS","resource":"projects/974166966631/locations/us-central1/builds/3921b5c8-2af9-44d3-844c-86c64ed88195","resourceUri":"https://console.cloud.google.com/cloud-build/builds;region=us-central1/3921b5c8-2af9-44d3-844c-86c64ed88195?project=974166966631"},{"name":"SERVICE","state":"NOT_STARTED"}]},"done":false}
[debug] [2023-05-13T12:54:52.433Z] [update-default-us-central1-sendDonationRequest] Retrying task index 0
[debug] [2023-05-13T12:54:52.433Z] >>> [apiv2][query] GET https://cloudfunctions.googleapis.com/v2/projects/togetherfund-2fb98/locations/us-central1/operations/operation-1683982486059-5fb92b9e3baeb-b6262f19-34c8df95 [none]
[debug] [2023-05-13T12:54:53.115Z] <<< [apiv2][status] GET https://cloudfunctions.googleapis.com/v2/projects/togetherfund-2fb98/locations/us-central1/operations/operation-1683982486059-5fb92b9e3baeb-b6262f19-34c8df95 200
[debug] [2023-05-13T12:54:53.115Z] <<< [apiv2][body] GET https://cloudfunctions.googleapis.com/v2/projects/togetherfund-2fb98/locations/us-central1/operations/operation-1683982486059-5fb92b9e3baeb-b6262f19-34c8df95 {"name":"projects/togetherfund-2fb98/locations/us-central1/operations/operation-1683982486059-5fb92b9e3baeb-b6262f19-34c8df95","metadata":{"@type":"type.googleapis.com/google.cloud.functions.v2.OperationMetadata","createTime":"2023-05-13T12:54:46.715215721Z","target":"projects/togetherfund-2fb98/locations/us-central1/functions/sendDonationRequest","verb":"update","cancelRequested":false,"apiVersion":"v2","requestResource":{"@type":"type.googleapis.com/google.cloud.functions.v2.Function","name":"projects/togetherfund-2fb98/locations/us-central1/functions/sendDonationRequest","buildConfig":{"runtime":"nodejs18","entryPoint":"sendDonationRequest","source":{"storageSource":{"bucket":"gcf-v2-sources-974166966631-us-central1","object":"sendDonationRequest/function-source.zip"}},"environmentVariables":{"GOOGLE_NODE_RUN_SCRIPTS":""},"sourceProvenance":{"resolvedStorageSource":{"bucket":"gcf-v2-sources-974166966631-us-central1","object":"sendDonationRequest/function-source.zip","generation":"1683982048129449"}}},"serviceConfig":{"service":"projects/togetherfund-2fb98/locations/us-central1/services/senddonationrequest","timeoutSeconds":60,"environmentVariables":{"FIREBASE_CONFIG":"{\"projectId\":\"togetherfund-2fb98\",\"storageBucket\":\"togetherfund-2fb98.appspot.com\"}","GCLOUD_PROJECT":"togetherfund-2fb98","EVENTARC_CLOUD_EVENT_SOURCE":"projects/togetherfund-2fb98/locations/us-central1/services/sendDonationRequest"},"maxInstanceCount":100,"ingressSettings":"ALLOW_ALL","uri":"https://senddonationrequest-ppr6treo3a-uc.a.run.app","serviceAccountEmail":"974166966631-compute@developer.gserviceaccount.com","availableMemory":"256Mi","allTrafficOnLatestRevision":true,"revision":"senddonationrequest-00002-ziz","maxInstanceRequestConcurrency":80,"availableCpu":"1"},"state":"ACTIVE","labels":{"firebase-functions-hash":"883a931f88cdd00c2e332cbd40827d0417c3f017"},"environment":"GEN_2"},"stages":[{"name":"BUILD","message":"Creating build","state":"IN_PROGRESS","resource":"projects/974166966631/locations/us-central1/builds/3921b5c8-2af9-44d3-844c-86c64ed88195","resourceUri":"https://console.cloud.google.com/cloud-build/builds;region=us-central1/3921b5c8-2af9-44d3-844c-86c64ed88195?project=974166966631"},{"name":"SERVICE","state":"NOT_STARTED"}]},"done":false}
[debug] [2023-05-13T12:54:57.117Z] [update-default-us-central1-sendDonationRequest] Retrying task index 0
[debug] [2023-05-13T12:54:57.117Z] >>> [apiv2][query] GET https://cloudfunctions.googleapis.com/v2/projects/togetherfund-2fb98/locations/us-central1/operations/operation-1683982486059-5fb92b9e3baeb-b6262f19-34c8df95 [none]
[debug] [2023-05-13T12:54:57.801Z] <<< [apiv2][status] GET https://cloudfunctions.googleapis.com/v2/projects/togetherfund-2fb98/locations/us-central1/operations/operation-1683982486059-5fb92b9e3baeb-b6262f19-34c8df95 200
[debug] [2023-05-13T12:54:57.801Z] <<< [apiv2][body] GET https://cloudfunctions.googleapis.com/v2/projects/togetherfund-2fb98/locations/us-central1/operations/operation-1683982486059-5fb92b9e3baeb-b6262f19-34c8df95 {"name":"projects/togetherfund-2fb98/locations/us-central1/operations/operation-1683982486059-5fb92b9e3baeb-b6262f19-34c8df95","metadata":{"@type":"type.googleapis.com/google.cloud.functions.v2.OperationMetadata","createTime":"2023-05-13T12:54:46.715215721Z","target":"projects/togetherfund-2fb98/locations/us-central1/functions/sendDonationRequest","verb":"update","cancelRequested":false,"apiVersion":"v2","requestResource":{"@type":"type.googleapis.com/google.cloud.functions.v2.Function","name":"projects/togetherfund-2fb98/locations/us-central1/functions/sendDonationRequest","buildConfig":{"runtime":"nodejs18","entryPoint":"sendDonationRequest","source":{"storageSource":{"bucket":"gcf-v2-sources-974166966631-us-central1","object":"sendDonationRequest/function-source.zip"}},"environmentVariables":{"GOOGLE_NODE_RUN_SCRIPTS":""},"sourceProvenance":{"resolvedStorageSource":{"bucket":"gcf-v2-sources-974166966631-us-central1","object":"sendDonationRequest/function-source.zip","generation":"1683982048129449"}}},"serviceConfig":{"service":"projects/togetherfund-2fb98/locations/us-central1/services/senddonationrequest","timeoutSeconds":60,"environmentVariables":{"FIREBASE_CONFIG":"{\"projectId\":\"togetherfund-2fb98\",\"storageBucket\":\"togetherfund-2fb98.appspot.com\"}","GCLOUD_PROJECT":"togetherfund-2fb98","EVENTARC_CLOUD_EVENT_SOURCE":"projects/togetherfund-2fb98/locations/us-central1/services/sendDonationRequest"},"maxInstanceCount":100,"ingressSettings":"ALLOW_ALL","uri":"https://senddonationrequest-ppr6treo3a-uc.a.run.app","serviceAccountEmail":"974166966631-compute@developer.gserviceaccount.com","availableMemory":"256Mi","allTrafficOnLatestRevision":true,"revision":"senddonationrequest-00002-ziz","maxInstanceRequestConcurrency":80,"availableCpu":"1"},"state":"ACTIVE","labels":{"firebase-functions-hash":"883a931f88cdd00c2e332cbd40827d0417c3f017"},"environment":"GEN_2"},"stages":[{"name":"BUILD","message":"Creating build","state":"IN_PROGRESS","resource":"projects/974166966631/locations/us-central1/builds/3921b5c8-2af9-44d3-844c-86c64ed88195","resourceUri":"https://console.cloud.google.com/cloud-build/builds;region=us-central1/3921b5c8-2af9-44d3-844c-86c64ed88195?project=974166966631"},{"name":"SERVICE","state":"NOT_STARTED"}]},"done":false}
[debug] [2023-05-13T12:55:05.803Z] [update-default-us-central1-sendDonationRequest] Retrying task index 0
[debug] [2023-05-13T12:55:05.804Z] >>> [apiv2][query] GET https://cloudfunctions.googleapis.com/v2/projects/togetherfund-2fb98/locations/us-central1/operations/operation-1683982486059-5fb92b9e3baeb-b6262f19-34c8df95 [none]
[debug] [2023-05-13T12:55:06.569Z] <<< [apiv2][status] GET https://cloudfunctions.googleapis.com/v2/projects/togetherfund-2fb98/locations/us-central1/operations/operation-1683982486059-5fb92b9e3baeb-b6262f19-34c8df95 200
[debug] [2023-05-13T12:55:06.569Z] <<< [apiv2][body] GET https://cloudfunctions.googleapis.com/v2/projects/togetherfund-2fb98/locations/us-central1/operations/operation-1683982486059-5fb92b9e3baeb-b6262f19-34c8df95 {"name":"projects/togetherfund-2fb98/locations/us-central1/operations/operation-1683982486059-5fb92b9e3baeb-b6262f19-34c8df95","metadata":{"@type":"type.googleapis.com/google.cloud.functions.v2.OperationMetadata","createTime":"2023-05-13T12:54:46.715215721Z","target":"projects/togetherfund-2fb98/locations/us-central1/functions/sendDonationRequest","verb":"update","cancelRequested":false,"apiVersion":"v2","requestResource":{"@type":"type.googleapis.com/google.cloud.functions.v2.Function","name":"projects/togetherfund-2fb98/locations/us-central1/functions/sendDonationRequest","buildConfig":{"runtime":"nodejs18","entryPoint":"sendDonationRequest","source":{"storageSource":{"bucket":"gcf-v2-sources-974166966631-us-central1","object":"sendDonationRequest/function-source.zip"}},"environmentVariables":{"GOOGLE_NODE_RUN_SCRIPTS":""},"sourceProvenance":{"resolvedStorageSource":{"bucket":"gcf-v2-sources-974166966631-us-central1","object":"sendDonationRequest/function-source.zip","generation":"1683982048129449"}}},"serviceConfig":{"service":"projects/togetherfund-2fb98/locations/us-central1/services/senddonationrequest","timeoutSeconds":60,"environmentVariables":{"FIREBASE_CONFIG":"{\"projectId\":\"togetherfund-2fb98\",\"storageBucket\":\"togetherfund-2fb98.appspot.com\"}","GCLOUD_PROJECT":"togetherfund-2fb98","EVENTARC_CLOUD_EVENT_SOURCE":"projects/togetherfund-2fb98/locations/us-central1/services/sendDonationRequest"},"maxInstanceCount":100,"ingressSettings":"ALLOW_ALL","uri":"https://senddonationrequest-ppr6treo3a-uc.a.run.app","serviceAccountEmail":"974166966631-compute@developer.gserviceaccount.com","availableMemory":"256Mi","allTrafficOnLatestRevision":true,"revision":"senddonationrequest-00002-ziz","maxInstanceRequestConcurrency":80,"availableCpu":"1"},"state":"ACTIVE","labels":{"firebase-functions-hash":"883a931f88cdd00c2e332cbd40827d0417c3f017"},"environment":"GEN_2"},"stages":[{"name":"BUILD","message":"Creating build","state":"IN_PROGRESS","resource":"projects/974166966631/locations/us-central1/builds/3921b5c8-2af9-44d3-844c-86c64ed88195","resourceUri":"https://console.cloud.google.com/cloud-build/builds;region=us-central1/3921b5c8-2af9-44d3-844c-86c64ed88195?project=974166966631"},{"name":"SERVICE","state":"NOT_STARTED"}]},"done":false}
[debug] [2023-05-13T12:55:16.570Z] [update-default-us-central1-sendDonationRequest] Retrying task index 0
[debug] [2023-05-13T12:55:16.571Z] >>> [apiv2][query] GET https://cloudfunctions.googleapis.com/v2/projects/togetherfund-2fb98/locations/us-central1/operations/operation-1683982486059-5fb92b9e3baeb-b6262f19-34c8df95 [none]
[debug] [2023-05-13T12:55:17.293Z] <<< [apiv2][status] GET https://cloudfunctions.googleapis.com/v2/projects/togetherfund-2fb98/locations/us-central1/operations/operation-1683982486059-5fb92b9e3baeb-b6262f19-34c8df95 200
[debug] [2023-05-13T12:55:17.293Z] <<< [apiv2][body] GET https://cloudfunctions.googleapis.com/v2/projects/togetherfund-2fb98/locations/us-central1/operations/operation-1683982486059-5fb92b9e3baeb-b6262f19-34c8df95 {"name":"projects/togetherfund-2fb98/locations/us-central1/operations/operation-1683982486059-5fb92b9e3baeb-b6262f19-34c8df95","metadata":{"@type":"type.googleapis.com/google.cloud.functions.v2.OperationMetadata","createTime":"2023-05-13T12:54:46.715215721Z","target":"projects/togetherfund-2fb98/locations/us-central1/functions/sendDonationRequest","verb":"update","cancelRequested":false,"apiVersion":"v2","requestResource":{"@type":"type.googleapis.com/google.cloud.functions.v2.Function","name":"projects/togetherfund-2fb98/locations/us-central1/functions/sendDonationRequest","buildConfig":{"runtime":"nodejs18","entryPoint":"sendDonationRequest","source":{"storageSource":{"bucket":"gcf-v2-sources-974166966631-us-central1","object":"sendDonationRequest/function-source.zip"}},"environmentVariables":{"GOOGLE_NODE_RUN_SCRIPTS":""},"sourceProvenance":{"resolvedStorageSource":{"bucket":"gcf-v2-sources-974166966631-us-central1","object":"sendDonationRequest/function-source.zip","generation":"1683982048129449"}}},"serviceConfig":{"service":"projects/togetherfund-2fb98/locations/us-central1/services/senddonationrequest","timeoutSeconds":60,"environmentVariables":{"FIREBASE_CONFIG":"{\"projectId\":\"togetherfund-2fb98\",\"storageBucket\":\"togetherfund-2fb98.appspot.com\"}","GCLOUD_PROJECT":"togetherfund-2fb98","EVENTARC_CLOUD_EVENT_SOURCE":"projects/togetherfund-2fb98/locations/us-central1/services/sendDonationRequest"},"maxInstanceCount":100,"ingressSettings":"ALLOW_ALL","uri":"https://senddonationrequest-ppr6treo3a-uc.a.run.app","serviceAccountEmail":"974166966631-compute@developer.gserviceaccount.com","availableMemory":"256Mi","allTrafficOnLatestRevision":true,"revision":"senddonationrequest-00002-ziz","maxInstanceRequestConcurrency":80,"availableCpu":"1"},"state":"ACTIVE","labels":{"firebase-functions-hash":"883a931f88cdd00c2e332cbd40827d0417c3f017"},"environment":"GEN_2"},"stages":[{"name":"BUILD","message":"Creating build","state":"IN_PROGRESS","resource":"projects/974166966631/locations/us-central1/builds/3921b5c8-2af9-44d3-844c-86c64ed88195","resourceUri":"https://console.cloud.google.com/cloud-build/builds;region=us-central1/3921b5c8-2af9-44d3-844c-86c64ed88195?project=974166966631"},{"name":"SERVICE","state":"NOT_STARTED"}]},"done":false}
[debug] [2023-05-13T12:55:27.295Z] [update-default-us-central1-sendDonationRequest] Retrying task index 0
[debug] [2023-05-13T12:55:27.296Z] >>> [apiv2][query] GET https://cloudfunctions.googleapis.com/v2/projects/togetherfund-2fb98/locations/us-central1/operations/operation-1683982486059-5fb92b9e3baeb-b6262f19-34c8df95 [none]
[debug] [2023-05-13T12:55:28.041Z] <<< [apiv2][status] GET https://cloudfunctions.googleapis.com/v2/projects/togetherfund-2fb98/locations/us-central1/operations/operation-1683982486059-5fb92b9e3baeb-b6262f19-34c8df95 200
[debug] [2023-05-13T12:55:28.042Z] <<< [apiv2][body] GET https://cloudfunctions.googleapis.com/v2/projects/togetherfund-2fb98/locations/us-central1/operations/operation-1683982486059-5fb92b9e3baeb-b6262f19-34c8df95 {"name":"projects/togetherfund-2fb98/locations/us-central1/operations/operation-1683982486059-5fb92b9e3baeb-b6262f19-34c8df95","metadata":{"@type":"type.googleapis.com/google.cloud.functions.v2.OperationMetadata","createTime":"2023-05-13T12:54:46.715215721Z","target":"projects/togetherfund-2fb98/locations/us-central1/functions/sendDonationRequest","verb":"update","cancelRequested":false,"apiVersion":"v2","requestResource":{"@type":"type.googleapis.com/google.cloud.functions.v2.Function","name":"projects/togetherfund-2fb98/locations/us-central1/functions/sendDonationRequest","buildConfig":{"runtime":"nodejs18","entryPoint":"sendDonationRequest","source":{"storageSource":{"bucket":"gcf-v2-sources-974166966631-us-central1","object":"sendDonationRequest/function-source.zip"}},"environmentVariables":{"GOOGLE_NODE_RUN_SCRIPTS":""},"sourceProvenance":{"resolvedStorageSource":{"bucket":"gcf-v2-sources-974166966631-us-central1","object":"sendDonationRequest/function-source.zip","generation":"1683982048129449"}}},"serviceConfig":{"service":"projects/togetherfund-2fb98/locations/us-central1/services/senddonationrequest","timeoutSeconds":60,"environmentVariables":{"FIREBASE_CONFIG":"{\"projectId\":\"togetherfund-2fb98\",\"storageBucket\":\"togetherfund-2fb98.appspot.com\"}","GCLOUD_PROJECT":"togetherfund-2fb98","EVENTARC_CLOUD_EVENT_SOURCE":"projects/togetherfund-2fb98/locations/us-central1/services/sendDonationRequest"},"maxInstanceCount":100,"ingressSettings":"ALLOW_ALL","uri":"https://senddonationrequest-ppr6treo3a-uc.a.run.app","serviceAccountEmail":"974166966631-compute@developer.gserviceaccount.com","availableMemory":"256Mi","allTrafficOnLatestRevision":true,"revision":"senddonationrequest-00002-ziz","maxInstanceRequestConcurrency":80,"availableCpu":"1"},"state":"ACTIVE","labels":{"firebase-functions-hash":"883a931f88cdd00c2e332cbd40827d0417c3f017"},"environment":"GEN_2"},"stages":[{"name":"BUILD","message":"Creating build","state":"COMPLETE","resource":"projects/974166966631/locations/us-central1/builds/3921b5c8-2af9-44d3-844c-86c64ed88195","resourceUri":"https://console.cloud.google.com/cloud-build/builds;region=us-central1/3921b5c8-2af9-44d3-844c-86c64ed88195?project=974166966631"},{"name":"SERVICE","message":"Updating Cloud Run service","state":"IN_PROGRESS","resource":"projects/togetherfund-2fb98/locations/us-central1/services/senddonationrequest","resourceUri":"https://console.cloud.google.com/run/detail/us-central1/senddonationrequest?project=togetherfund-2fb98","stateMessages":[{"severity":"INFO","type":"CloudRunServiceNewRevisionTrafficInfo","message":"A new revision will be deployed serving with 100% traffic."}]}]},"done":false}
